<?xml version="1.0" encoding="UTF-8"?>
<!-- Generated by org.testng.reporters.JUnitXMLReporter -->
<testsuite ignored="0" hostname="LAPTOP-JP04RGF3" failures="1" tests="5" name="Test" time="14.639" errors="0" timestamp="07 Jan 2019 10:54:17 GMT">
  <testcase classname="SpiceJetWebAppSuite.Spice_Jet_Flights_App.SpiceJetLandingPageTest" name="selectCurAndPax" time="3.209"/>
  <testcase classname="SpiceJetWebAppSuite.Spice_Jet_Flights_App.SpiceJetLandingPageTest" name="selectCurAndPax" time="2.897"/>
  <testcase classname="SpiceJetWebAppSuite.Spice_Jet_Flights_App.SpiceJetLandingPageTest" name="verifyFlightButton" time="0.038"/>
  <testcase classname="SpiceJetWebAppSuite.Spice_Jet_Flights_App.SpiceJetLandingPageTest" name="verifyRoundTripRadio" time="0.035">
    <failure type="java.lang.AssertionError" message="expected [false] but found [true]">
      <![CDATA[java.lang.AssertionError: expected [false] but found [true]
at SpiceJetWebAppSuite.Spice_Jet_Flights_App.SpiceJetLandingPageTest.verifyRoundTripRadio(SpiceJetLandingPageTest.java:38)
... Removed 29 stack frames]]>
    </failure>
  </testcase> <!-- verifyRoundTripRadio -->
  <testcase classname="SpiceJetWebAppSuite.Spice_Jet_Flights_App.SpiceJetLandingPageTest" name="verifyStudentCheckBox" time="0.042"/>
</testsuite> <!-- Test -->
